[Sat May 12 2018 00:06:35 GMT+0800 (CST)] DEBUG listen 3000...
cloud
[Sat May 12 2018 00:06:51 GMT+0800 (CST)] ERROR cloud
[Sat May 12 2018 00:06:51 GMT+0800 (CST)] DEBUG {}
[Sat May 12 2018 00:06:51 GMT+0800 (CST)] DEBUG {}
cloud
[Sat May 12 2018 00:07:03 GMT+0800 (CST)] ERROR cloud
[Sat May 12 2018 00:07:03 GMT+0800 (CST)] DEBUG {}
[Sat May 12 2018 00:07:03 GMT+0800 (CST)] DEBUG {}
cloud
[Sat May 12 2018 00:48:01 GMT+0800 (CST)] ERROR cloud
[Sat May 12 2018 00:48:01 GMT+0800 (CST)] DEBUG {}
[Sat May 12 2018 00:48:01 GMT+0800 (CST)] DEBUG {}
[Sat May 12 2018 00:48:15 GMT+0800 (CST)] DEBUG listen 3000...
[Sat May 12 2018 00:54:37 GMT+0800 (CST)] DEBUG listen 3000...
Something is happening.
[Sat May 12 2018 00:55:22 GMT+0800 (CST)] INFO undefined
Something is happening.
[Sat May 12 2018 00:55:47 GMT+0800 (CST)] INFO undefined
Something is happening.
[Sat May 12 2018 00:56:07 GMT+0800 (CST)] INFO undefined
Something is happening.
[Sat May 12 2018 00:56:20 GMT+0800 (CST)] INFO undefined
[Sat May 12 2018 00:56:31 GMT+0800 (CST)] DEBUG listen 3000...
Something is happening.
[Sat May 12 2018 00:56:39 GMT+0800 (CST)] INFO cloud
Something is happening.
[Sat May 12 2018 00:56:46 GMT+0800 (CST)] INFO undefined
Something is happening.
[Sat May 12 2018 00:57:32 GMT+0800 (CST)] INFO yanlinbo137
Something is happening.
[Sat May 12 2018 00:57:48 GMT+0800 (CST)] INFO yanlinbo137
Something is happening.
[Sat May 12 2018 01:00:44 GMT+0800 (CST)] DEBUG listen 3000...
Something is happening.
